#logback.classic pattern: [%-4p][%X{x-pid}][%d{yyyy-MM-dd HH:mm:ss.SS}][support-microservice][%C:%L] - %m%n
[INFO][][2021-08-03 10:25:28.413][support-microservice][org.springframework.context.support.PostProcessorRegistrationDelegate$BeanPostProcessorChecker:330] - Bean 'org.springframework.cloud.autoconfigure.ConfigurationPropertiesRebinderAutoConfiguration' of type [org.springframework.cloud.autoconfigure.ConfigurationPropertiesRebinderAutoConfiguration$$EnhancerBySpringCGLIB$$a6282ed6] is not eligible for getting processed by all BeanPostProcessors (for example: not eligible for auto-proxying)
#logback.classic pattern: [%-4p][%X{x-pid}][%d{yyyy-MM-dd HH:mm:ss.SS}][support-microservice][%C:%L] - %m%n
[INFO][][2021-08-03 10:25:28.650][support-microservice][org.springframework.cloud.config.client.ConfigServicePropertySourceLocator:207] - Fetching config from server at : http://localhost:8888
[INFO][][2021-08-03 10:25:28.840][support-microservice][org.springframework.cloud.config.client.ConfigServicePropertySourceLocator:230] - Connect Timeout Exception on Url - http://localhost:8888. Will be trying the next url if available
[WARN][][2021-08-03 10:25:28.841][support-microservice][org.springframework.cloud.config.client.ConfigServicePropertySourceLocator:143] - Could not locate PropertySource: I/O error on GET request for "http://localhost:8888/support-microservice/local": Connection refused; nested exception is java.net.ConnectException: Connection refused
[INFO][][2021-08-03 10:25:28.854][support-microservice][org.springframework.boot.SpringApplication:679] - The following profiles are active: local
[WARN][][2021-08-03 10:25:30.445][support-microservice][org.springframework.boot.actuate.endpoint.EndpointId:135] - Endpoint ID 'service-registry' contains invalid characters, please migrate to a valid format.
[INFO][][2021-08-03 10:25:32.979][support-microservice][org.springframework.context.support.PostProcessorRegistrationDelegate$BeanPostProcessorChecker:330] - Bean 'org.springframework.cloud.autoconfigure.ConfigurationPropertiesRebinderAutoConfiguration' of type [org.springframework.cloud.autoconfigure.ConfigurationPropertiesRebinderAutoConfiguration$$EnhancerBySpringCGLIB$$a6282ed6] is not eligible for getting processed by all BeanPostProcessors (for example: not eligible for auto-proxying)
[WARN][][2021-08-03 10:25:33.836][support-microservice][com.netflix.config.sources.URLConfigurationSource:121] - No URLs will be polled as dynamic configuration sources.
[INFO][][2021-08-03 10:25:33.837][support-microservice][com.netflix.config.sources.URLConfigurationSource:122] - To enable URLs as dynamic configuration sources, define System property archaius.configurationSource.additionalUrls or make config.properties available on classpath.
[INFO][][2021-08-03 10:25:33.861][support-microservice][com.netflix.config.DynamicPropertyFactory:281] - DynamicPropertyFactory is initialized with configuration sources: com.netflix.config.ConcurrentCompositeConfiguration@27dbe9a3
[INFO][][2021-08-03 10:25:34.57][support-microservice][org.springframework.cloud.netflix.eureka.InstanceInfoFactory:72] - Setting initial instance status as: STARTING
[INFO][][2021-08-03 10:25:34.148][support-microservice][com.netflix.discovery.DiscoveryClient:349] - Initializing Eureka in region us-east-1
[INFO][][2021-08-03 10:25:34.150][support-microservice][com.netflix.discovery.DiscoveryClient:352] - Client configured to neither register nor query for data.
[INFO][][2021-08-03 10:25:34.171][support-microservice][com.netflix.discovery.DiscoveryClient:365] - Discovery Client initialized at timestamp 1628007934169 with initial instances count: 0
[INFO][][2021-08-03 10:25:34.721][support-microservice][org.springframework.boot.autoconfigure.security.servlet.UserDetailsServiceAutoConfiguration:87] - 

Using generated security password: c95f1bd5-a55d-40a9-877f-f0c188736cd8

[INFO][][2021-08-03 10:25:34.978][support-microservice][org.springframework.security.web.DefaultSecurityFilterChain:43] - Creating filter chain: any request, [org.springframework.security.web.context.request.async.WebAsyncManagerIntegrationFilter@41a6a728, org.springframework.security.web.context.SecurityContextPersistenceFilter@3c9e2526, org.springframework.security.web.header.HeaderWriterFilter@313ac50e, org.springframework.security.web.authentication.logout.LogoutFilter@10b51115, org.springframework.security.web.authentication.www.BasicAuthenticationFilter@24e95bd4, org.springframework.security.web.savedrequest.RequestCacheAwareFilter@b2bfd65, org.springframework.security.web.servletapi.SecurityContextHolderAwareRequestFilter@1275d11b, org.springframework.security.web.authentication.AnonymousAuthenticationFilter@1d0d4478, org.springframework.security.web.session.SessionManagementFilter@5953465a, org.springframework.security.web.access.ExceptionTranslationFilter@11f505e8, org.springframework.security.web.access.intercept.FilterSecurityInterceptor@140b395c]
[WARN][][2021-08-03 10:25:35.306][support-microservice][com.netflix.config.sources.URLConfigurationSource:121] - No URLs will be polled as dynamic configuration sources.
[INFO][][2021-08-03 10:25:35.307][support-microservice][com.netflix.config.sources.URLConfigurationSource:122] - To enable URLs as dynamic configuration sources, define System property archaius.configurationSource.additionalUrls or make config.properties available on classpath.
[INFO][][2021-08-03 10:25:36.494][support-microservice][org.springframework.scheduling.concurrent.ExecutorConfigurationSupport:171] - Initializing ExecutorService 'applicationTaskExecutor'
[INFO][][2021-08-03 10:25:38.156][support-microservice][org.springframework.boot.actuate.endpoint.web.EndpointLinksResolver:59] - Exposing 2 endpoint(s) beneath base path '/actuator'
[INFO][][2021-08-03 10:25:39.216][support-microservice][org.springframework.boot.StartupInfoLogger:59] - Started AuthorizationServiceTest in 12.766 seconds (JVM running for 15.05)
[INFO][][2021-08-03 10:25:39.299][support-microservice][net.occp.support.service.impl.AuthorizationService:65] - Token found!
[INFO][][2021-08-03 10:25:39.314][support-microservice][org.springframework.test.context.support.AbstractTestContextBootstrapper:308] - Neither @ContextConfiguration nor @ContextHierarchy found for test class [net.occp.support.service.impl.SupportServiceTest], using SpringBootContextLoader
[INFO][][2021-08-03 10:25:39.316][support-microservice][org.springframework.test.context.support.AbstractContextLoader:264] - Could not detect default resource locations for test class [net.occp.support.service.impl.SupportServiceTest]: no resource found for suffixes {-context.xml, Context.groovy}.
[INFO][][2021-08-03 10:25:39.316][support-microservice][org.springframework.test.context.support.AnnotationConfigContextLoaderUtils:83] - Could not detect default configuration classes for test class [net.occp.support.service.impl.SupportServiceTest]: SupportServiceTest does not declare any static, non-private, non-final, nested classes annotated with @Configuration.
[INFO][][2021-08-03 10:25:39.318][support-microservice][org.springframework.boot.test.context.SpringBootTestContextBootstrapper:247] - Found @SpringBootConfiguration net.occp.support.SupportMicroserviceApplication for test class net.occp.support.service.impl.SupportServiceTest
[INFO][][2021-08-03 10:25:39.321][support-microservice][org.springframework.test.context.support.AbstractTestContextBootstrapper:248] - Loaded default TestExecutionListener class names from location [META-INF/spring.factories]: [org.springframework.boot.test.mock.mockito.MockitoTestExecutionListener, org.springframework.boot.test.mock.mockito.ResetMocksTestExecutionListener, org.springframework.boot.test.autoconfigure.restdocs.RestDocsTestExecutionListener, org.springframework.boot.test.autoconfigure.web.client.MockRestServiceServerResetTestExecutionListener, org.springframework.boot.test.autoconfigure.web.servlet.MockMvcPrintOnlyOnFailureTestExecutionListener, org.springframework.boot.test.autoconfigure.web.servlet.WebDriverTestExecutionListener, org.springframework.test.context.web.ServletTestExecutionListener, org.springframework.test.context.support.DirtiesContextBeforeModesTestExecutionListener, org.springframework.test.context.support.DependencyInjectionTestExecutionListener, org.springframework.test.context.support.DirtiesContextTestExecutionListener, org.springframework.test.context.transaction.TransactionalTestExecutionListener, org.springframework.test.context.jdbc.SqlScriptsTestExecutionListener]
[INFO][][2021-08-03 10:25:39.322][support-microservice][org.springframework.test.context.support.AbstractTestContextBootstrapper:177] - Using TestExecutionListeners: [org.springframework.test.context.web.ServletTestExecutionListener@19d6bb0c, org.springframework.test.context.support.DirtiesContextBeforeModesTestExecutionListener@e5b7b61, org.springframework.boot.test.mock.mockito.MockitoTestExecutionListener@56d8283a, org.springframework.boot.test.autoconfigure.SpringBootDependencyInjectionTestExecutionListener@242573cf, org.springframework.test.context.support.DirtiesContextTestExecutionListener@807b29c, org.springframework.boot.test.mock.mockito.ResetMocksTestExecutionListener@5d52508e, org.springframework.boot.test.autoconfigure.restdocs.RestDocsTestExecutionListener@4adc3ae6, org.springframework.boot.test.autoconfigure.web.client.MockRestServiceServerResetTestExecutionListener@45e88379, org.springframework.boot.test.autoconfigure.web.servlet.MockMvcPrintOnlyOnFailureTestExecutionListener@70ce5a0a, org.springframework.boot.test.autoconfigure.web.servlet.WebDriverTestExecutionListener@3fd7a2bd]
#logback.classic pattern: [%-4p][%X{x-pid}][%d{yyyy-MM-dd HH:mm:ss.SS}][support-microservice][%C:%L] - %m%n
[INFO][][2021-08-03 10:25:39.425][support-microservice][org.springframework.context.support.PostProcessorRegistrationDelegate$BeanPostProcessorChecker:330] - Bean 'org.springframework.cloud.autoconfigure.ConfigurationPropertiesRebinderAutoConfiguration' of type [org.springframework.cloud.autoconfigure.ConfigurationPropertiesRebinderAutoConfiguration$$EnhancerBySpringCGLIB$$a6282ed6] is not eligible for getting processed by all BeanPostProcessors (for example: not eligible for auto-proxying)
#logback.classic pattern: [%-4p][%X{x-pid}][%d{yyyy-MM-dd HH:mm:ss.SS}][support-microservice][%C:%L] - %m%n
[INFO][][2021-08-03 10:25:39.520][support-microservice][org.springframework.cloud.config.client.ConfigServicePropertySourceLocator:207] - Fetching config from server at : http://localhost:8888
[INFO][][2021-08-03 10:25:39.526][support-microservice][org.springframework.cloud.config.client.ConfigServicePropertySourceLocator:230] - Connect Timeout Exception on Url - http://localhost:8888. Will be trying the next url if available
[WARN][][2021-08-03 10:25:39.527][support-microservice][org.springframework.cloud.config.client.ConfigServicePropertySourceLocator:143] - Could not locate PropertySource: I/O error on GET request for "http://localhost:8888/support-microservice/local": Connection refused; nested exception is java.net.ConnectException: Connection refused
[INFO][][2021-08-03 10:25:39.529][support-microservice][org.springframework.boot.SpringApplication:679] - The following profiles are active: local
[INFO][][2021-08-03 10:25:40.103][support-microservice][org.springframework.context.support.PostProcessorRegistrationDelegate$BeanPostProcessorChecker:330] - Bean 'org.springframework.cloud.autoconfigure.ConfigurationPropertiesRebinderAutoConfiguration' of type [org.springframework.cloud.autoconfigure.ConfigurationPropertiesRebinderAutoConfiguration$$EnhancerBySpringCGLIB$$a6282ed6] is not eligible for getting processed by all BeanPostProcessors (for example: not eligible for auto-proxying)
[INFO][][2021-08-03 10:25:40.521][support-microservice][org.springframework.boot.autoconfigure.security.servlet.UserDetailsServiceAutoConfiguration:87] - 

Using generated security password: 2b550fec-fc82-4c57-a342-01299c0575f9

[INFO][][2021-08-03 10:25:40.594][support-microservice][org.springframework.security.web.DefaultSecurityFilterChain:43] - Creating filter chain: any request, [org.springframework.security.web.context.request.async.WebAsyncManagerIntegrationFilter@63afc3e0, org.springframework.security.web.context.SecurityContextPersistenceFilter@77b84c33, org.springframework.security.web.header.HeaderWriterFilter@4770bc04, org.springframework.security.web.authentication.logout.LogoutFilter@13a91c02, org.springframework.security.web.authentication.www.BasicAuthenticationFilter@55b0d752, org.springframework.security.web.savedrequest.RequestCacheAwareFilter@7c3806a2, org.springframework.security.web.servletapi.SecurityContextHolderAwareRequestFilter@3ff906e9, org.springframework.security.web.authentication.AnonymousAuthenticationFilter@1302230f, org.springframework.security.web.session.SessionManagementFilter@6d7df231, org.springframework.security.web.access.ExceptionTranslationFilter@67adede9, org.springframework.security.web.access.intercept.FilterSecurityInterceptor@2ae34d2a]
[WARN][][2021-08-03 10:25:40.753][support-microservice][org.springframework.cloud.netflix.archaius.ArchaiusAutoConfiguration:163] - Netflix ConfigurationManager has already been installed, unable to re-install
[INFO][][2021-08-03 10:25:40.891][support-microservice][org.springframework.scheduling.concurrent.ExecutorConfigurationSupport:171] - Initializing ExecutorService 'applicationTaskExecutor'
[INFO][][2021-08-03 10:25:41.319][support-microservice][org.springframework.cloud.netflix.eureka.InstanceInfoFactory:72] - Setting initial instance status as: STARTING
[INFO][][2021-08-03 10:25:41.341][support-microservice][com.netflix.discovery.DiscoveryClient:349] - Initializing Eureka in region us-east-1
[INFO][][2021-08-03 10:25:41.342][support-microservice][com.netflix.discovery.DiscoveryClient:352] - Client configured to neither register nor query for data.
[INFO][][2021-08-03 10:25:41.342][support-microservice][com.netflix.discovery.DiscoveryClient:365] - Discovery Client initialized at timestamp 1628007941342 with initial instances count: 0
[INFO][][2021-08-03 10:25:41.795][support-microservice][org.springframework.boot.actuate.endpoint.web.EndpointLinksResolver:59] - Exposing 2 endpoint(s) beneath base path '/actuator'
[INFO][][2021-08-03 10:25:42.296][support-microservice][org.springframework.boot.StartupInfoLogger:59] - Started SupportServiceTest in 2.97 seconds (JVM running for 18.129)
[INFO][][2021-08-03 10:25:42.320][support-microservice][net.occp.support.service.impl.SupportService:53] - sendMail service started
[INFO][][2021-08-03 10:25:42.320][support-microservice][net.occp.support.service.impl.SupportService:54] - user@mail.com
[INFO][][2021-08-03 10:25:42.321][support-microservice][net.occp.support.service.impl.SupportService:61] - Error Sending Data to Mail Microservice
[INFO][][2021-08-03 10:25:42.327][support-microservice][net.occp.support.service.impl.SupportService:53] - sendMail service started
[INFO][][2021-08-03 10:25:42.327][support-microservice][net.occp.support.service.impl.SupportService:54] - user@mail.com
[INFO][][2021-08-03 10:25:42.328][support-microservice][net.occp.support.service.impl.SupportService:59] - Email sent to: user@mail.com
[INFO][][2021-08-03 10:25:42.362][support-microservice][net.occp.support.service.impl.SupportService:53] - sendMail service started
[INFO][][2021-08-03 10:25:42.362][support-microservice][net.occp.support.service.impl.SupportService:54] - user@mail.com
[INFO][][2021-08-03 10:25:42.363][support-microservice][net.occp.support.service.impl.SupportService:59] - Email sent to: user@mail.com
[INFO][][2021-08-03 10:25:42.375][support-microservice][org.springframework.test.context.support.AbstractTestContextBootstrapper:308] - Neither @ContextConfiguration nor @ContextHierarchy found for test class [net.occp.support.service.impl.BaseServiceTest], using SpringBootContextLoader
[INFO][][2021-08-03 10:25:42.376][support-microservice][org.springframework.test.context.support.AbstractContextLoader:264] - Could not detect default resource locations for test class [net.occp.support.service.impl.BaseServiceTest]: no resource found for suffixes {-context.xml, Context.groovy}.
[INFO][][2021-08-03 10:25:42.377][support-microservice][org.springframework.test.context.support.AnnotationConfigContextLoaderUtils:83] - Could not detect default configuration classes for test class [net.occp.support.service.impl.BaseServiceTest]: BaseServiceTest does not declare any static, non-private, non-final, nested classes annotated with @Configuration.
[INFO][][2021-08-03 10:25:42.379][support-microservice][org.springframework.boot.test.context.SpringBootTestContextBootstrapper:247] - Found @SpringBootConfiguration net.occp.support.SupportMicroserviceApplication for test class net.occp.support.service.impl.BaseServiceTest
[INFO][][2021-08-03 10:25:42.380][support-microservice][org.springframework.test.context.support.AbstractTestContextBootstrapper:248] - Loaded default TestExecutionListener class names from location [META-INF/spring.factories]: [org.springframework.boot.test.mock.mockito.MockitoTestExecutionListener, org.springframework.boot.test.mock.mockito.ResetMocksTestExecutionListener, org.springframework.boot.test.autoconfigure.restdocs.RestDocsTestExecutionListener, org.springframework.boot.test.autoconfigure.web.client.MockRestServiceServerResetTestExecutionListener, org.springframework.boot.test.autoconfigure.web.servlet.MockMvcPrintOnlyOnFailureTestExecutionListener, org.springframework.boot.test.autoconfigure.web.servlet.WebDriverTestExecutionListener, org.springframework.test.context.web.ServletTestExecutionListener, org.springframework.test.context.support.DirtiesContextBeforeModesTestExecutionListener, org.springframework.test.context.support.DependencyInjectionTestExecutionListener, org.springframework.test.context.support.DirtiesContextTestExecutionListener, org.springframework.test.context.transaction.TransactionalTestExecutionListener, org.springframework.test.context.jdbc.SqlScriptsTestExecutionListener]
[INFO][][2021-08-03 10:25:42.382][support-microservice][org.springframework.test.context.support.AbstractTestContextBootstrapper:177] - Using TestExecutionListeners: [org.springframework.test.context.web.ServletTestExecutionListener@69e22173, org.springframework.test.context.support.DirtiesContextBeforeModesTestExecutionListener@34a51ba5, org.springframework.boot.test.mock.mockito.MockitoTestExecutionListener@13eb146f, org.springframework.boot.test.autoconfigure.SpringBootDependencyInjectionTestExecutionListener@6b23bca2, org.springframework.test.context.support.DirtiesContextTestExecutionListener@13b2e10c, org.springframework.boot.test.mock.mockito.ResetMocksTestExecutionListener@fd6a8ec, org.springframework.boot.test.autoconfigure.restdocs.RestDocsTestExecutionListener@44d58d15, org.springframework.boot.test.autoconfigure.web.client.MockRestServiceServerResetTestExecutionListener@3265ef81, org.springframework.boot.test.autoconfigure.web.servlet.MockMvcPrintOnlyOnFailureTestExecutionListener@365bd240, org.springframework.boot.test.autoconfigure.web.servlet.WebDriverTestExecutionListener@c709daf]
#logback.classic pattern: [%-4p][%X{x-pid}][%d{yyyy-MM-dd HH:mm:ss.SS}][support-microservice][%C:%L] - %m%n
[INFO][][2021-08-03 10:25:42.442][support-microservice][org.springframework.context.support.PostProcessorRegistrationDelegate$BeanPostProcessorChecker:330] - Bean 'org.springframework.cloud.autoconfigure.ConfigurationPropertiesRebinderAutoConfiguration' of type [org.springframework.cloud.autoconfigure.ConfigurationPropertiesRebinderAutoConfiguration$$EnhancerBySpringCGLIB$$a6282ed6] is not eligible for getting processed by all BeanPostProcessors (for example: not eligible for auto-proxying)
#logback.classic pattern: [%-4p][%X{x-pid}][%d{yyyy-MM-dd HH:mm:ss.SS}][support-microservice][%C:%L] - %m%n
[INFO][][2021-08-03 10:25:42.493][support-microservice][org.springframework.cloud.config.client.ConfigServicePropertySourceLocator:207] - Fetching config from server at : http://localhost:8888
[INFO][][2021-08-03 10:25:42.499][support-microservice][org.springframework.cloud.config.client.ConfigServicePropertySourceLocator:230] - Connect Timeout Exception on Url - http://localhost:8888. Will be trying the next url if available
[WARN][][2021-08-03 10:25:42.500][support-microservice][org.springframework.cloud.config.client.ConfigServicePropertySourceLocator:143] - Could not locate PropertySource: I/O error on GET request for "http://localhost:8888/support-microservice/local": Connection refused; nested exception is java.net.ConnectException: Connection refused
[INFO][][2021-08-03 10:25:42.502][support-microservice][org.springframework.boot.SpringApplication:679] - The following profiles are active: local
[INFO][][2021-08-03 10:25:42.887][support-microservice][org.springframework.context.support.PostProcessorRegistrationDelegate$BeanPostProcessorChecker:330] - Bean 'org.springframework.cloud.autoconfigure.ConfigurationPropertiesRebinderAutoConfiguration' of type [org.springframework.cloud.autoconfigure.ConfigurationPropertiesRebinderAutoConfiguration$$EnhancerBySpringCGLIB$$a6282ed6] is not eligible for getting processed by all BeanPostProcessors (for example: not eligible for auto-proxying)
[INFO][][2021-08-03 10:25:43.283][support-microservice][org.springframework.cloud.netflix.eureka.InstanceInfoFactory:72] - Setting initial instance status as: STARTING
[INFO][][2021-08-03 10:25:43.303][support-microservice][com.netflix.discovery.DiscoveryClient:349] - Initializing Eureka in region us-east-1
[INFO][][2021-08-03 10:25:43.304][support-microservice][com.netflix.discovery.DiscoveryClient:352] - Client configured to neither register nor query for data.
[INFO][][2021-08-03 10:25:43.304][support-microservice][com.netflix.discovery.DiscoveryClient:365] - Discovery Client initialized at timestamp 1628007943304 with initial instances count: 0
[INFO][][2021-08-03 10:25:43.509][support-microservice][org.springframework.boot.autoconfigure.security.servlet.UserDetailsServiceAutoConfiguration:87] - 

Using generated security password: 336b72eb-e048-4cd3-832e-a08fbe0d2743

[INFO][][2021-08-03 10:25:43.581][support-microservice][org.springframework.security.web.DefaultSecurityFilterChain:43] - Creating filter chain: any request, [org.springframework.security.web.context.request.async.WebAsyncManagerIntegrationFilter@32c886e6, org.springframework.security.web.context.SecurityContextPersistenceFilter@6cd64398, org.springframework.security.web.header.HeaderWriterFilter@5e3def9e, org.springframework.security.web.authentication.logout.LogoutFilter@31f0c4e5, org.springframework.security.web.authentication.www.BasicAuthenticationFilter@27943321, org.springframework.security.web.savedrequest.RequestCacheAwareFilter@2e91c245, org.springframework.security.web.servletapi.SecurityContextHolderAwareRequestFilter@28434905, org.springframework.security.web.authentication.AnonymousAuthenticationFilter@2030d2a8, org.springframework.security.web.session.SessionManagementFilter@257ec110, org.springframework.security.web.access.ExceptionTranslationFilter@26d76e45, org.springframework.security.web.access.intercept.FilterSecurityInterceptor@216a0542]
[WARN][][2021-08-03 10:25:43.709][support-microservice][org.springframework.cloud.netflix.archaius.ArchaiusAutoConfiguration:163] - Netflix ConfigurationManager has already been installed, unable to re-install
[INFO][][2021-08-03 10:25:43.866][support-microservice][org.springframework.scheduling.concurrent.ExecutorConfigurationSupport:171] - Initializing ExecutorService 'applicationTaskExecutor'
[INFO][][2021-08-03 10:25:44.552][support-microservice][org.springframework.boot.actuate.endpoint.web.EndpointLinksResolver:59] - Exposing 2 endpoint(s) beneath base path '/actuator'
[INFO][][2021-08-03 10:25:45.20][support-microservice][org.springframework.boot.StartupInfoLogger:59] - Started BaseServiceTest in 2.635 seconds (JVM running for 20.853)
[ERROR][][2021-08-03 10:25:45.31][support-microservice][net.occp.support.service.impl.BaseService:26] - java.lang.Exception
[null]    	at net.occp.support.service.impl.BaseServiceTest.testPrintStackTrace(BaseServiceTest.java:34)
[null]    	at java.base/jdk.internal.reflect.NativeMethodAccessorImpl.invoke0(Native Method)
[null]    	at java.base/jdk.internal.reflect.NativeMethodAccessorImpl.invoke(NativeMethodAccessorImpl.java:64)
[null]    	at java.base/jdk.internal.reflect.DelegatingMethodAccessorImpl.invoke(DelegatingMethodAccessorImpl.java:43)
[null]    	at java.base/java.lang.reflect.Method.invoke(Method.java:564)
[null]    	at org.junit.runners.model.FrameworkMethod$1.runReflectiveCall(FrameworkMethod.java:50)
[null]    	at org.junit.internal.runners.model.ReflectiveCallable.run(ReflectiveCallable.java:12)
[null]    	at org.junit.runners.model.FrameworkMethod.invokeExplosively(FrameworkMethod.java:47)
[null]    	at org.junit.internal.runners.statements.InvokeMethod.evaluate(InvokeMethod.java:17)
[null]    	at org.springframework.test.context.junit4.statements.RunBeforeTestExecutionCallbacks.evaluate(RunBeforeTestExecutionCallbacks.java:74)
[null]    	at org.springframework.test.context.junit4.statements.RunAfterTestExecutionCallbacks.evaluate(RunAfterTestExecutionCallbacks.java:84)
[null]    	at org.springframework.test.context.junit4.statements.RunBeforeTestMethodCallbacks.evaluate(RunBeforeTestMethodCallbacks.java:75)
[null]    	at org.springframework.test.context.junit4.statements.RunAfterTestMethodCallbacks.evaluate(RunAfterTestMethodCallbacks.java:86)
[null]    	at org.springframework.test.context.junit4.statements.SpringRepeat.evaluate(SpringRepeat.java:84)
[null]    	at org.junit.runners.ParentRunner.runLeaf(ParentRunner.java:325)
[null]    	at org.springframework.test.context.junit4.SpringJUnit4ClassRunner.runChild(SpringJUnit4ClassRunner.java:251)
[null]    	at org.springframework.test.context.junit4.SpringJUnit4ClassRunner.runChild(SpringJUnit4ClassRunner.java:97)
[null]    	at org.junit.runners.ParentRunner$3.run(ParentRunner.java:290)
[null]    	at org.junit.runners.ParentRunner$1.schedule(ParentRunner.java:71)
[null]    	at org.junit.runners.ParentRunner.runChildren(ParentRunner.java:288)
[null]    	at org.junit.runners.ParentRunner.access$000(ParentRunner.java:58)
[null]    	at org.junit.runners.ParentRunner$2.evaluate(ParentRunner.java:268)
[null]    	at org.springframework.test.context.junit4.statements.RunBeforeTestClassCallbacks.evaluate(RunBeforeTestClassCallbacks.java:61)
[null]    	at org.springframework.test.context.junit4.statements.RunAfterTestClassCallbacks.evaluate(RunAfterTestClassCallbacks.java:70)
[null]    	at org.junit.runners.ParentRunner.run(ParentRunner.java:363)
[null]    	at org.springframework.test.context.junit4.SpringJUnit4ClassRunner.run(SpringJUnit4ClassRunner.java:190)
[null]    	at org.apache.maven.surefire.junit4.JUnit4Provider.execute(JUnit4Provider.java:365)
[null]    	at org.apache.maven.surefire.junit4.JUnit4Provider.executeWithRerun(JUnit4Provider.java:273)
[null]    	at org.apache.maven.surefire.junit4.JUnit4Provider.executeTestSet(JUnit4Provider.java:238)
[null]    	at org.apache.maven.surefire.junit4.JUnit4Provider.invoke(JUnit4Provider.java:159)
[null]    	at org.apache.maven.surefire.booter.ForkedBooter.runSuitesInProcess(ForkedBooter.java:377)
[null]    	at org.apache.maven.surefire.booter.ForkedBooter.execute(ForkedBooter.java:138)
[null]    	at org.apache.maven.surefire.booter.ForkedBooter.run(ForkedBooter.java:465)
[null]    	at org.apache.maven.surefire.booter.ForkedBooter.main(ForkedBooter.java:451)
[null]    
[INFO][][2021-08-03 10:25:45.53][support-microservice][org.springframework.cloud.netflix.eureka.serviceregistry.EurekaServiceRegistry:65] - Unregistering application SUPPORT-MICROSERVICE with eureka with status DOWN
[INFO][][2021-08-03 10:25:45.53][support-microservice][org.springframework.cloud.netflix.eureka.serviceregistry.EurekaServiceRegistry:65] - Unregistering application SUPPORT-MICROSERVICE with eureka with status DOWN
[INFO][][2021-08-03 10:25:45.54][support-microservice][org.springframework.cloud.netflix.eureka.serviceregistry.EurekaServiceRegistry:65] - Unregistering application SUPPORT-MICROSERVICE with eureka with status DOWN
[INFO][][2021-08-03 10:25:46.66][support-microservice][org.springframework.scheduling.concurrent.ExecutorConfigurationSupport:208] - Shutting down ExecutorService 'applicationTaskExecutor'
[INFO][][2021-08-03 10:25:46.67][support-microservice][org.springframework.scheduling.concurrent.ExecutorConfigurationSupport:208] - Shutting down ExecutorService 'applicationTaskExecutor'
[INFO][][2021-08-03 10:25:46.68][support-microservice][com.netflix.discovery.DiscoveryClient:888] - Shutting down DiscoveryClient ...
[INFO][][2021-08-03 10:25:46.68][support-microservice][com.netflix.discovery.DiscoveryClient:911] - Completed shut down of DiscoveryClient
[INFO][][2021-08-03 10:25:46.70][support-microservice][org.springframework.scheduling.concurrent.ExecutorConfigurationSupport:208] - Shutting down ExecutorService 'applicationTaskExecutor'
[INFO][][2021-08-03 10:25:46.358][support-microservice][com.netflix.discovery.DiscoveryClient:888] - Shutting down DiscoveryClient ...
[INFO][][2021-08-03 10:25:46.359][support-microservice][com.netflix.discovery.DiscoveryClient:888] - Shutting down DiscoveryClient ...
[INFO][][2021-08-03 10:25:46.359][support-microservice][com.netflix.discovery.DiscoveryClient:911] - Completed shut down of DiscoveryClient
[INFO][][2021-08-03 10:25:46.359][support-microservice][com.netflix.discovery.DiscoveryClient:911] - Completed shut down of DiscoveryClient
#logback.classic pattern: [%-4p][%X{x-pid}][%d{yyyy-MM-dd HH:mm:ss.SS}][support-microservice][%C:%L] - %m%n
[INFO][][2021-08-03 10:36:58.827][support-microservice][org.springframework.context.support.PostProcessorRegistrationDelegate$BeanPostProcessorChecker:330] - Bean 'org.springframework.cloud.autoconfigure.ConfigurationPropertiesRebinderAutoConfiguration' of type [org.springframework.cloud.autoconfigure.ConfigurationPropertiesRebinderAutoConfiguration$$EnhancerBySpringCGLIB$$e3521722] is not eligible for getting processed by all BeanPostProcessors (for example: not eligible for auto-proxying)
#logback.classic pattern: [%-4p][%X{x-pid}][%d{yyyy-MM-dd HH:mm:ss.SS}][support-microservice][%C:%L] - %m%n
[INFO][][2021-08-03 10:36:59.69][support-microservice][org.springframework.cloud.config.client.ConfigServicePropertySourceLocator:207] - Fetching config from server at : http://localhost:8888
[INFO][][2021-08-03 10:36:59.305][support-microservice][org.springframework.cloud.config.client.ConfigServicePropertySourceLocator:230] - Connect Timeout Exception on Url - http://localhost:8888. Will be trying the next url if available
[WARN][][2021-08-03 10:36:59.306][support-microservice][org.springframework.cloud.config.client.ConfigServicePropertySourceLocator:143] - Could not locate PropertySource: I/O error on GET request for "http://localhost:8888/support-microservice/local": Connection refused; nested exception is java.net.ConnectException: Connection refused
[INFO][][2021-08-03 10:36:59.318][support-microservice][org.springframework.boot.SpringApplication:679] - The following profiles are active: local
[WARN][][2021-08-03 10:37:00.467][support-microservice][org.springframework.boot.actuate.endpoint.EndpointId:135] - Endpoint ID 'service-registry' contains invalid characters, please migrate to a valid format.
[INFO][][2021-08-03 10:37:02.58][support-microservice][org.springframework.context.support.PostProcessorRegistrationDelegate$BeanPostProcessorChecker:330] - Bean 'org.springframework.cloud.autoconfigure.ConfigurationPropertiesRebinderAutoConfiguration' of type [org.springframework.cloud.autoconfigure.ConfigurationPropertiesRebinderAutoConfiguration$$EnhancerBySpringCGLIB$$e3521722] is not eligible for getting processed by all BeanPostProcessors (for example: not eligible for auto-proxying)
[WARN][][2021-08-03 10:37:02.828][support-microservice][com.netflix.config.sources.URLConfigurationSource:121] - No URLs will be polled as dynamic configuration sources.
[INFO][][2021-08-03 10:37:02.829][support-microservice][com.netflix.config.sources.URLConfigurationSource:122] - To enable URLs as dynamic configuration sources, define System property archaius.configurationSource.additionalUrls or make config.properties available on classpath.
[INFO][][2021-08-03 10:37:02.849][support-microservice][com.netflix.config.DynamicPropertyFactory:281] - DynamicPropertyFactory is initialized with configuration sources: com.netflix.config.ConcurrentCompositeConfiguration@6283ac9
[INFO][][2021-08-03 10:37:03.48][support-microservice][org.springframework.cloud.netflix.eureka.InstanceInfoFactory:72] - Setting initial instance status as: STARTING
[INFO][][2021-08-03 10:37:03.138][support-microservice][com.netflix.discovery.DiscoveryClient:349] - Initializing Eureka in region us-east-1
[INFO][][2021-08-03 10:37:03.140][support-microservice][com.netflix.discovery.DiscoveryClient:352] - Client configured to neither register nor query for data.
[INFO][][2021-08-03 10:37:03.153][support-microservice][com.netflix.discovery.DiscoveryClient:365] - Discovery Client initialized at timestamp 1628008623151 with initial instances count: 0
[INFO][][2021-08-03 10:37:03.668][support-microservice][org.springframework.boot.autoconfigure.security.servlet.UserDetailsServiceAutoConfiguration:87] - 

Using generated security password: 9b44d7f7-02c8-4f9e-bf30-999bb3b503d2

[INFO][][2021-08-03 10:37:03.865][support-microservice][org.springframework.security.web.DefaultSecurityFilterChain:43] - Creating filter chain: any request, [org.springframework.security.web.context.request.async.WebAsyncManagerIntegrationFilter@6566da90, org.springframework.security.web.context.SecurityContextPersistenceFilter@663b3ab0, org.springframework.security.web.header.HeaderWriterFilter@d2ce743, org.springframework.security.web.authentication.logout.LogoutFilter@5dcd5046, org.springframework.security.web.authentication.www.BasicAuthenticationFilter@72dfac2e, org.springframework.security.web.savedrequest.RequestCacheAwareFilter@1dba3c62, org.springframework.security.web.servletapi.SecurityContextHolderAwareRequestFilter@2429992a, org.springframework.security.web.authentication.AnonymousAuthenticationFilter@db52bc4, org.springframework.security.web.session.SessionManagementFilter@7826c5ef, org.springframework.security.web.access.ExceptionTranslationFilter@3ae96d5b, org.springframework.security.web.access.intercept.FilterSecurityInterceptor@27b8adeb]
[WARN][][2021-08-03 10:37:04.231][support-microservice][com.netflix.config.sources.URLConfigurationSource:121] - No URLs will be polled as dynamic configuration sources.
[INFO][][2021-08-03 10:37:04.232][support-microservice][com.netflix.config.sources.URLConfigurationSource:122] - To enable URLs as dynamic configuration sources, define System property archaius.configurationSource.additionalUrls or make config.properties available on classpath.
[INFO][][2021-08-03 10:37:04.534][support-microservice][org.springframework.scheduling.concurrent.ExecutorConfigurationSupport:171] - Initializing ExecutorService 'applicationTaskExecutor'
[INFO][][2021-08-03 10:37:05.949][support-microservice][org.springframework.boot.actuate.endpoint.web.EndpointLinksResolver:59] - Exposing 2 endpoint(s) beneath base path '/actuator'
[INFO][][2021-08-03 10:37:06.747][support-microservice][org.springframework.boot.StartupInfoLogger:59] - Started AuthorizationServiceTest in 9.755 seconds (JVM running for 11.826)
[INFO][][2021-08-03 10:37:06.804][support-microservice][net.occp.support.service.impl.AuthorizationService:65] - Token found!
[INFO][][2021-08-03 10:37:06.821][support-microservice][org.springframework.test.context.support.AbstractTestContextBootstrapper:308] - Neither @ContextConfiguration nor @ContextHierarchy found for test class [net.occp.support.service.impl.SupportServiceTest], using SpringBootContextLoader
[INFO][][2021-08-03 10:37:06.822][support-microservice][org.springframework.test.context.support.AbstractContextLoader:264] - Could not detect default resource locations for test class [net.occp.support.service.impl.SupportServiceTest]: no resource found for suffixes {-context.xml, Context.groovy}.
[INFO][][2021-08-03 10:37:06.823][support-microservice][org.springframework.test.context.support.AnnotationConfigContextLoaderUtils:83] - Could not detect default configuration classes for test class [net.occp.support.service.impl.SupportServiceTest]: SupportServiceTest does not declare any static, non-private, non-final, nested classes annotated with @Configuration.
[INFO][][2021-08-03 10:37:06.825][support-microservice][org.springframework.boot.test.context.SpringBootTestContextBootstrapper:247] - Found @SpringBootConfiguration net.occp.support.SupportMicroserviceApplication for test class net.occp.support.service.impl.SupportServiceTest
[INFO][][2021-08-03 10:37:06.827][support-microservice][org.springframework.test.context.support.AbstractTestContextBootstrapper:248] - Loaded default TestExecutionListener class names from location [META-INF/spring.factories]: [org.springframework.boot.test.mock.mockito.MockitoTestExecutionListener, org.springframework.boot.test.mock.mockito.ResetMocksTestExecutionListener, org.springframework.boot.test.autoconfigure.restdocs.RestDocsTestExecutionListener, org.springframework.boot.test.autoconfigure.web.client.MockRestServiceServerResetTestExecutionListener, org.springframework.boot.test.autoconfigure.web.servlet.MockMvcPrintOnlyOnFailureTestExecutionListener, org.springframework.boot.test.autoconfigure.web.servlet.WebDriverTestExecutionListener, org.springframework.test.context.web.ServletTestExecutionListener, org.springframework.test.context.support.DirtiesContextBeforeModesTestExecutionListener, org.springframework.test.context.support.DependencyInjectionTestExecutionListener, org.springframework.test.context.support.DirtiesContextTestExecutionListener, org.springframework.test.context.transaction.TransactionalTestExecutionListener, org.springframework.test.context.jdbc.SqlScriptsTestExecutionListener]
[INFO][][2021-08-03 10:37:06.828][support-microservice][org.springframework.test.context.support.AbstractTestContextBootstrapper:177] - Using TestExecutionListeners: [org.springframework.test.context.web.ServletTestExecutionListener@2c44833f, org.springframework.test.context.support.DirtiesContextBeforeModesTestExecutionListener@375112a1, org.springframework.boot.test.mock.mockito.MockitoTestExecutionListener@6f815a8e, org.springframework.boot.test.autoconfigure.SpringBootDependencyInjectionTestExecutionListener@5464ad2b, org.springframework.test.context.support.DirtiesContextTestExecutionListener@5cb181e3, org.springframework.boot.test.mock.mockito.ResetMocksTestExecutionListener@63ca44ce, org.springframework.boot.test.autoconfigure.restdocs.RestDocsTestExecutionListener@67a3713, org.springframework.boot.test.autoconfigure.web.client.MockRestServiceServerResetTestExecutionListener@7706df02, org.springframework.boot.test.autoconfigure.web.servlet.MockMvcPrintOnlyOnFailureTestExecutionListener@27e8e698, org.springframework.boot.test.autoconfigure.web.servlet.WebDriverTestExecutionListener@16352a9f]
#logback.classic pattern: [%-4p][%X{x-pid}][%d{yyyy-MM-dd HH:mm:ss.SS}][support-microservice][%C:%L] - %m%n
[INFO][][2021-08-03 10:37:06.907][support-microservice][org.springframework.context.support.PostProcessorRegistrationDelegate$BeanPostProcessorChecker:330] - Bean 'org.springframework.cloud.autoconfigure.ConfigurationPropertiesRebinderAutoConfiguration' of type [org.springframework.cloud.autoconfigure.ConfigurationPropertiesRebinderAutoConfiguration$$EnhancerBySpringCGLIB$$e3521722] is not eligible for getting processed by all BeanPostProcessors (for example: not eligible for auto-proxying)
#logback.classic pattern: [%-4p][%X{x-pid}][%d{yyyy-MM-dd HH:mm:ss.SS}][support-microservice][%C:%L] - %m%n
[INFO][][2021-08-03 10:37:06.970][support-microservice][org.springframework.cloud.config.client.ConfigServicePropertySourceLocator:207] - Fetching config from server at : http://localhost:8888
[INFO][][2021-08-03 10:37:06.977][support-microservice][org.springframework.cloud.config.client.ConfigServicePropertySourceLocator:230] - Connect Timeout Exception on Url - http://localhost:8888. Will be trying the next url if available
[WARN][][2021-08-03 10:37:06.978][support-microservice][org.springframework.cloud.config.client.ConfigServicePropertySourceLocator:143] - Could not locate PropertySource: I/O error on GET request for "http://localhost:8888/support-microservice/local": Connection refused; nested exception is java.net.ConnectException: Connection refused
[INFO][][2021-08-03 10:37:06.980][support-microservice][org.springframework.boot.SpringApplication:679] - The following profiles are active: local
[INFO][][2021-08-03 10:37:07.500][support-microservice][org.springframework.context.support.PostProcessorRegistrationDelegate$BeanPostProcessorChecker:330] - Bean 'org.springframework.cloud.autoconfigure.ConfigurationPropertiesRebinderAutoConfiguration' of type [org.springframework.cloud.autoconfigure.ConfigurationPropertiesRebinderAutoConfiguration$$EnhancerBySpringCGLIB$$e3521722] is not eligible for getting processed by all BeanPostProcessors (for example: not eligible for auto-proxying)
[INFO][][2021-08-03 10:37:07.967][support-microservice][org.springframework.boot.autoconfigure.security.servlet.UserDetailsServiceAutoConfiguration:87] - 

Using generated security password: e0c9f9b1-8ea8-46f4-9164-77a6a7a8d42e

[INFO][][2021-08-03 10:37:08.47][support-microservice][org.springframework.security.web.DefaultSecurityFilterChain:43] - Creating filter chain: any request, [org.springframework.security.web.context.request.async.WebAsyncManagerIntegrationFilter@3472f880, org.springframework.security.web.context.SecurityContextPersistenceFilter@794e544b, org.springframework.security.web.header.HeaderWriterFilter@53a51411, org.springframework.security.web.authentication.logout.LogoutFilter@75661b03, org.springframework.security.web.authentication.www.BasicAuthenticationFilter@7e0fb5b1, org.springframework.security.web.savedrequest.RequestCacheAwareFilter@4c7c6582, org.springframework.security.web.servletapi.SecurityContextHolderAwareRequestFilter@7f7de2d4, org.springframework.security.web.authentication.AnonymousAuthenticationFilter@23701ff5, org.springframework.security.web.session.SessionManagementFilter@30625f51, org.springframework.security.web.access.ExceptionTranslationFilter@2e3991bd, org.springframework.security.web.access.intercept.FilterSecurityInterceptor@172ee77c]
[WARN][][2021-08-03 10:37:08.202][support-microservice][org.springframework.cloud.netflix.archaius.ArchaiusAutoConfiguration:163] - Netflix ConfigurationManager has already been installed, unable to re-install
[INFO][][2021-08-03 10:37:08.365][support-microservice][org.springframework.scheduling.concurrent.ExecutorConfigurationSupport:171] - Initializing ExecutorService 'applicationTaskExecutor'
[INFO][][2021-08-03 10:37:08.808][support-microservice][org.springframework.cloud.netflix.eureka.InstanceInfoFactory:72] - Setting initial instance status as: STARTING
[INFO][][2021-08-03 10:37:08.831][support-microservice][com.netflix.discovery.DiscoveryClient:349] - Initializing Eureka in region us-east-1
[INFO][][2021-08-03 10:37:08.832][support-microservice][com.netflix.discovery.DiscoveryClient:352] - Client configured to neither register nor query for data.
[INFO][][2021-08-03 10:37:08.833][support-microservice][com.netflix.discovery.DiscoveryClient:365] - Discovery Client initialized at timestamp 1628008628833 with initial instances count: 0
[INFO][][2021-08-03 10:37:09.307][support-microservice][org.springframework.boot.actuate.endpoint.web.EndpointLinksResolver:59] - Exposing 2 endpoint(s) beneath base path '/actuator'
[INFO][][2021-08-03 10:37:09.825][support-microservice][org.springframework.boot.StartupInfoLogger:59] - Started SupportServiceTest in 2.992 seconds (JVM running for 14.904)
[INFO][][2021-08-03 10:37:09.850][support-microservice][net.occp.support.service.impl.SupportService:53] - sendMail service started
[INFO][][2021-08-03 10:37:09.850][support-microservice][net.occp.support.service.impl.SupportService:54] - user@mail.com
[INFO][][2021-08-03 10:37:09.851][support-microservice][net.occp.support.service.impl.SupportService:61] - Error Sending Data to Mail Microservice
[INFO][][2021-08-03 10:37:09.857][support-microservice][net.occp.support.service.impl.SupportService:53] - sendMail service started
[INFO][][2021-08-03 10:37:09.858][support-microservice][net.occp.support.service.impl.SupportService:54] - user@mail.com
[INFO][][2021-08-03 10:37:09.859][support-microservice][net.occp.support.service.impl.SupportService:59] - Email sent to: user@mail.com
[INFO][][2021-08-03 10:37:09.885][support-microservice][net.occp.support.service.impl.SupportService:53] - sendMail service started
[INFO][][2021-08-03 10:37:09.886][support-microservice][net.occp.support.service.impl.SupportService:54] - user@mail.com
[INFO][][2021-08-03 10:37:09.886][support-microservice][net.occp.support.service.impl.SupportService:59] - Email sent to: user@mail.com
[INFO][][2021-08-03 10:37:09.900][support-microservice][org.springframework.test.context.support.AbstractTestContextBootstrapper:308] - Neither @ContextConfiguration nor @ContextHierarchy found for test class [net.occp.support.service.impl.BaseServiceTest], using SpringBootContextLoader
[INFO][][2021-08-03 10:37:09.901][support-microservice][org.springframework.test.context.support.AbstractContextLoader:264] - Could not detect default resource locations for test class [net.occp.support.service.impl.BaseServiceTest]: no resource found for suffixes {-context.xml, Context.groovy}.
[INFO][][2021-08-03 10:37:09.902][support-microservice][org.springframework.test.context.support.AnnotationConfigContextLoaderUtils:83] - Could not detect default configuration classes for test class [net.occp.support.service.impl.BaseServiceTest]: BaseServiceTest does not declare any static, non-private, non-final, nested classes annotated with @Configuration.
[INFO][][2021-08-03 10:37:09.903][support-microservice][org.springframework.boot.test.context.SpringBootTestContextBootstrapper:247] - Found @SpringBootConfiguration net.occp.support.SupportMicroserviceApplication for test class net.occp.support.service.impl.BaseServiceTest
[INFO][][2021-08-03 10:37:09.905][support-microservice][org.springframework.test.context.support.AbstractTestContextBootstrapper:248] - Loaded default TestExecutionListener class names from location [META-INF/spring.factories]: [org.springframework.boot.test.mock.mockito.MockitoTestExecutionListener, org.springframework.boot.test.mock.mockito.ResetMocksTestExecutionListener, org.springframework.boot.test.autoconfigure.restdocs.RestDocsTestExecutionListener, org.springframework.boot.test.autoconfigure.web.client.MockRestServiceServerResetTestExecutionListener, org.springframework.boot.test.autoconfigure.web.servlet.MockMvcPrintOnlyOnFailureTestExecutionListener, org.springframework.boot.test.autoconfigure.web.servlet.WebDriverTestExecutionListener, org.springframework.test.context.web.ServletTestExecutionListener, org.springframework.test.context.support.DirtiesContextBeforeModesTestExecutionListener, org.springframework.test.context.support.DependencyInjectionTestExecutionListener, org.springframework.test.context.support.DirtiesContextTestExecutionListener, org.springframework.test.context.transaction.TransactionalTestExecutionListener, org.springframework.test.context.jdbc.SqlScriptsTestExecutionListener]
[INFO][][2021-08-03 10:37:09.906][support-microservice][org.springframework.test.context.support.AbstractTestContextBootstrapper:177] - Using TestExecutionListeners: [org.springframework.test.context.web.ServletTestExecutionListener@4d13970d, org.springframework.test.context.support.DirtiesContextBeforeModesTestExecutionListener@9538209, org.springframework.boot.test.mock.mockito.MockitoTestExecutionListener@b99316f, org.springframework.boot.test.autoconfigure.SpringBootDependencyInjectionTestExecutionListener@4eaada62, org.springframework.test.context.support.DirtiesContextTestExecutionListener@1f508745, org.springframework.boot.test.mock.mockito.ResetMocksTestExecutionListener@a060d6c, org.springframework.boot.test.autoconfigure.restdocs.RestDocsTestExecutionListener@4856570a, org.springframework.boot.test.autoconfigure.web.client.MockRestServiceServerResetTestExecutionListener@5037eda8, org.springframework.boot.test.autoconfigure.web.servlet.MockMvcPrintOnlyOnFailureTestExecutionListener@4bc62244, org.springframework.boot.test.autoconfigure.web.servlet.WebDriverTestExecutionListener@71913b3d]
#logback.classic pattern: [%-4p][%X{x-pid}][%d{yyyy-MM-dd HH:mm:ss.SS}][support-microservice][%C:%L] - %m%n
[INFO][][2021-08-03 10:37:09.972][support-microservice][org.springframework.context.support.PostProcessorRegistrationDelegate$BeanPostProcessorChecker:330] - Bean 'org.springframework.cloud.autoconfigure.ConfigurationPropertiesRebinderAutoConfiguration' of type [org.springframework.cloud.autoconfigure.ConfigurationPropertiesRebinderAutoConfiguration$$EnhancerBySpringCGLIB$$e3521722] is not eligible for getting processed by all BeanPostProcessors (for example: not eligible for auto-proxying)
#logback.classic pattern: [%-4p][%X{x-pid}][%d{yyyy-MM-dd HH:mm:ss.SS}][support-microservice][%C:%L] - %m%n
[INFO][][2021-08-03 10:37:10.29][support-microservice][org.springframework.cloud.config.client.ConfigServicePropertySourceLocator:207] - Fetching config from server at : http://localhost:8888
[INFO][][2021-08-03 10:37:10.35][support-microservice][org.springframework.cloud.config.client.ConfigServicePropertySourceLocator:230] - Connect Timeout Exception on Url - http://localhost:8888. Will be trying the next url if available
[WARN][][2021-08-03 10:37:10.35][support-microservice][org.springframework.cloud.config.client.ConfigServicePropertySourceLocator:143] - Could not locate PropertySource: I/O error on GET request for "http://localhost:8888/support-microservice/local": Connection refused; nested exception is java.net.ConnectException: Connection refused
[INFO][][2021-08-03 10:37:10.38][support-microservice][org.springframework.boot.SpringApplication:679] - The following profiles are active: local
[INFO][][2021-08-03 10:37:10.437][support-microservice][org.springframework.context.support.PostProcessorRegistrationDelegate$BeanPostProcessorChecker:330] - Bean 'org.springframework.cloud.autoconfigure.ConfigurationPropertiesRebinderAutoConfiguration' of type [org.springframework.cloud.autoconfigure.ConfigurationPropertiesRebinderAutoConfiguration$$EnhancerBySpringCGLIB$$e3521722] is not eligible for getting processed by all BeanPostProcessors (for example: not eligible for auto-proxying)
[INFO][][2021-08-03 10:37:10.845][support-microservice][org.springframework.cloud.netflix.eureka.InstanceInfoFactory:72] - Setting initial instance status as: STARTING
[INFO][][2021-08-03 10:37:10.872][support-microservice][com.netflix.discovery.DiscoveryClient:349] - Initializing Eureka in region us-east-1
[INFO][][2021-08-03 10:37:10.873][support-microservice][com.netflix.discovery.DiscoveryClient:352] - Client configured to neither register nor query for data.
[INFO][][2021-08-03 10:37:10.874][support-microservice][com.netflix.discovery.DiscoveryClient:365] - Discovery Client initialized at timestamp 1628008630874 with initial instances count: 0
[INFO][][2021-08-03 10:37:11.99][support-microservice][org.springframework.boot.autoconfigure.security.servlet.UserDetailsServiceAutoConfiguration:87] - 

Using generated security password: bc958b03-3a86-46ca-a219-b8315f73a9c4

[INFO][][2021-08-03 10:37:11.176][support-microservice][org.springframework.security.web.DefaultSecurityFilterChain:43] - Creating filter chain: any request, [org.springframework.security.web.context.request.async.WebAsyncManagerIntegrationFilter@40b77f49, org.springframework.security.web.context.SecurityContextPersistenceFilter@2593a9a4, org.springframework.security.web.header.HeaderWriterFilter@77fd4659, org.springframework.security.web.authentication.logout.LogoutFilter@5fb26827, org.springframework.security.web.authentication.www.BasicAuthenticationFilter@622ca14e, org.springframework.security.web.savedrequest.RequestCacheAwareFilter@387eca32, org.springframework.security.web.servletapi.SecurityContextHolderAwareRequestFilter@66a44fa4, org.springframework.security.web.authentication.AnonymousAuthenticationFilter@2e2fdb8c, org.springframework.security.web.session.SessionManagementFilter@317b0040, org.springframework.security.web.access.ExceptionTranslationFilter@45eda6e7, org.springframework.security.web.access.intercept.FilterSecurityInterceptor@3d8f2daa]
[WARN][][2021-08-03 10:37:11.313][support-microservice][org.springframework.cloud.netflix.archaius.ArchaiusAutoConfiguration:163] - Netflix ConfigurationManager has already been installed, unable to re-install
[INFO][][2021-08-03 10:37:11.443][support-microservice][org.springframework.scheduling.concurrent.ExecutorConfigurationSupport:171] - Initializing ExecutorService 'applicationTaskExecutor'
[INFO][][2021-08-03 10:37:12.160][support-microservice][org.springframework.boot.actuate.endpoint.web.EndpointLinksResolver:59] - Exposing 2 endpoint(s) beneath base path '/actuator'
[INFO][][2021-08-03 10:37:12.623][support-microservice][org.springframework.boot.StartupInfoLogger:59] - Started BaseServiceTest in 2.715 seconds (JVM running for 17.702)
[ERROR][][2021-08-03 10:37:12.635][support-microservice][net.occp.support.service.impl.BaseService:26] - java.lang.Exception
[null]    	at net.occp.support.service.impl.BaseServiceTest.testPrintStackTrace(BaseServiceTest.java:34)
[null]    	at java.base/jdk.internal.reflect.NativeMethodAccessorImpl.invoke0(Native Method)
[null]    	at java.base/jdk.internal.reflect.NativeMethodAccessorImpl.invoke(NativeMethodAccessorImpl.java:64)
[null]    	at java.base/jdk.internal.reflect.DelegatingMethodAccessorImpl.invoke(DelegatingMethodAccessorImpl.java:43)
[null]    	at java.base/java.lang.reflect.Method.invoke(Method.java:564)
[null]    	at org.junit.runners.model.FrameworkMethod$1.runReflectiveCall(FrameworkMethod.java:50)
[null]    	at org.junit.internal.runners.model.ReflectiveCallable.run(ReflectiveCallable.java:12)
[null]    	at org.junit.runners.model.FrameworkMethod.invokeExplosively(FrameworkMethod.java:47)
[null]    	at org.junit.internal.runners.statements.InvokeMethod.evaluate(InvokeMethod.java:17)
[null]    	at org.springframework.test.context.junit4.statements.RunBeforeTestExecutionCallbacks.evaluate(RunBeforeTestExecutionCallbacks.java:74)
[null]    	at org.springframework.test.context.junit4.statements.RunAfterTestExecutionCallbacks.evaluate(RunAfterTestExecutionCallbacks.java:84)
[null]    	at org.springframework.test.context.junit4.statements.RunBeforeTestMethodCallbacks.evaluate(RunBeforeTestMethodCallbacks.java:75)
[null]    	at org.springframework.test.context.junit4.statements.RunAfterTestMethodCallbacks.evaluate(RunAfterTestMethodCallbacks.java:86)
[null]    	at org.springframework.test.context.junit4.statements.SpringRepeat.evaluate(SpringRepeat.java:84)
[null]    	at org.junit.runners.ParentRunner.runLeaf(ParentRunner.java:325)
[null]    	at org.springframework.test.context.junit4.SpringJUnit4ClassRunner.runChild(SpringJUnit4ClassRunner.java:251)
[null]    	at org.springframework.test.context.junit4.SpringJUnit4ClassRunner.runChild(SpringJUnit4ClassRunner.java:97)
[null]    	at org.junit.runners.ParentRunner$3.run(ParentRunner.java:290)
[null]    	at org.junit.runners.ParentRunner$1.schedule(ParentRunner.java:71)
[null]    	at org.junit.runners.ParentRunner.runChildren(ParentRunner.java:288)
[null]    	at org.junit.runners.ParentRunner.access$000(ParentRunner.java:58)
[null]    	at org.junit.runners.ParentRunner$2.evaluate(ParentRunner.java:268)
[null]    	at org.springframework.test.context.junit4.statements.RunBeforeTestClassCallbacks.evaluate(RunBeforeTestClassCallbacks.java:61)
[null]    	at org.springframework.test.context.junit4.statements.RunAfterTestClassCallbacks.evaluate(RunAfterTestClassCallbacks.java:70)
[null]    	at org.junit.runners.ParentRunner.run(ParentRunner.java:363)
[null]    	at org.springframework.test.context.junit4.SpringJUnit4ClassRunner.run(SpringJUnit4ClassRunner.java:190)
[null]    	at org.apache.maven.surefire.junit4.JUnit4Provider.execute(JUnit4Provider.java:365)
[null]    	at org.apache.maven.surefire.junit4.JUnit4Provider.executeWithRerun(JUnit4Provider.java:273)
[null]    	at org.apache.maven.surefire.junit4.JUnit4Provider.executeTestSet(JUnit4Provider.java:238)
[null]    	at org.apache.maven.surefire.junit4.JUnit4Provider.invoke(JUnit4Provider.java:159)
[null]    	at org.apache.maven.surefire.booter.ForkedBooter.runSuitesInProcess(ForkedBooter.java:377)
[null]    	at org.apache.maven.surefire.booter.ForkedBooter.execute(ForkedBooter.java:138)
[null]    	at org.apache.maven.surefire.booter.ForkedBooter.run(ForkedBooter.java:465)
[null]    	at org.apache.maven.surefire.booter.ForkedBooter.main(ForkedBooter.java:451)
[null]    
[INFO][][2021-08-03 10:37:12.658][support-microservice][org.springframework.cloud.netflix.eureka.serviceregistry.EurekaServiceRegistry:65] - Unregistering application SUPPORT-MICROSERVICE with eureka with status DOWN
[INFO][][2021-08-03 10:37:12.658][support-microservice][org.springframework.cloud.netflix.eureka.serviceregistry.EurekaServiceRegistry:65] - Unregistering application SUPPORT-MICROSERVICE with eureka with status DOWN
[INFO][][2021-08-03 10:37:12.660][support-microservice][org.springframework.cloud.netflix.eureka.serviceregistry.EurekaServiceRegistry:65] - Unregistering application SUPPORT-MICROSERVICE with eureka with status DOWN
[INFO][][2021-08-03 10:37:13.666][support-microservice][org.springframework.scheduling.concurrent.ExecutorConfigurationSupport:208] - Shutting down ExecutorService 'applicationTaskExecutor'
[INFO][][2021-08-03 10:37:13.667][support-microservice][org.springframework.scheduling.concurrent.ExecutorConfigurationSupport:208] - Shutting down ExecutorService 'applicationTaskExecutor'
[INFO][][2021-08-03 10:37:13.669][support-microservice][com.netflix.discovery.DiscoveryClient:888] - Shutting down DiscoveryClient ...
[INFO][][2021-08-03 10:37:13.670][support-microservice][com.netflix.discovery.DiscoveryClient:911] - Completed shut down of DiscoveryClient
[INFO][][2021-08-03 10:37:13.672][support-microservice][com.netflix.discovery.DiscoveryClient:888] - Shutting down DiscoveryClient ...
[INFO][][2021-08-03 10:37:13.673][support-microservice][com.netflix.discovery.DiscoveryClient:911] - Completed shut down of DiscoveryClient
[INFO][][2021-08-03 10:37:13.673][support-microservice][com.netflix.discovery.DiscoveryClient:888] - Shutting down DiscoveryClient ...
[INFO][][2021-08-03 10:37:13.673][support-microservice][org.springframework.scheduling.concurrent.ExecutorConfigurationSupport:208] - Shutting down ExecutorService 'applicationTaskExecutor'
[INFO][][2021-08-03 10:37:13.673][support-microservice][com.netflix.discovery.DiscoveryClient:911] - Completed shut down of DiscoveryClient
#logback.classic pattern: [%-4p][%X{x-pid}][%d{yyyy-MM-dd HH:mm:ss.SS}][support-microservice][%C:%L] - %m%n
